<?xml version="1.0" encoding="UTF-8"?>
<coverage generated="1486649488329" clover="3.2.0">
  <project timestamp="1486649488329" name="All files">
    <metrics statements="139" coveredstatements="139" conditionals="21" coveredconditionals="21" methods="41" coveredmethods="41" elements="201" coveredelements="201" complexity="0" loc="139" ncloc="139" packages="3" files="11" classes="11">
      <package name="src">
        <metrics statements="44" coveredstatements="44" conditionals="0" coveredconditionals="0" methods="17" coveredmethods="17"/>
        <file name="index.js" path="/Users/jason/Development/docca/docca-pdf-writer2/src/index.js">
          <metrics statements="0" coveredstatements="0" conditionals="0" coveredconditionals="0" methods="0" coveredmethods="0"/>
        </file>
        <file name="writer.js" path="/Users/jason/Development/docca/docca-pdf-writer2/src/writer.js">
          <metrics statements="44" coveredstatements="44" conditionals="0" coveredconditionals="0" methods="17" coveredmethods="17"/>
          <line num="19" count="1" type="stmt"/>
          <line num="25" count="1" type="stmt"/>
          <line num="32" count="1" type="stmt"/>
          <line num="33" count="1" type="stmt"/>
          <line num="37" count="3" type="stmt"/>
          <line num="38" count="3" type="stmt"/>
          <line num="39" count="3" type="stmt"/>
          <line num="43" count="3" type="stmt"/>
          <line num="44" count="3" type="stmt"/>
          <line num="45" count="3" type="stmt"/>
          <line num="49" count="1" type="stmt"/>
          <line num="50" count="1" type="stmt"/>
          <line num="51" count="1" type="stmt"/>
          <line num="65" count="1" type="stmt"/>
          <line num="76" count="10" type="stmt"/>
          <line num="77" count="10" type="stmt"/>
          <line num="86" count="15" type="stmt"/>
          <line num="87" count="15" type="stmt"/>
          <line num="88" count="15" type="stmt"/>
          <line num="89" count="15" type="stmt"/>
          <line num="90" count="15" type="stmt"/>
          <line num="100" count="3" type="stmt"/>
          <line num="105" count="3" type="stmt"/>
          <line num="106" count="3" type="stmt"/>
          <line num="107" count="3" type="stmt"/>
          <line num="109" count="3" type="stmt"/>
          <line num="111" count="3" type="stmt"/>
          <line num="118" count="3" type="stmt"/>
          <line num="119" count="3" type="stmt"/>
          <line num="125" count="3" type="stmt"/>
          <line num="134" count="1" type="stmt"/>
          <line num="135" count="1" type="stmt"/>
          <line num="136" count="1" type="stmt"/>
          <line num="137" count="1" type="stmt"/>
          <line num="138" count="1" type="stmt"/>
          <line num="140" count="1" type="stmt"/>
          <line num="145" count="1" type="stmt"/>
          <line num="148" count="6" type="stmt"/>
          <line num="149" count="1" type="stmt"/>
          <line num="150" count="6" type="stmt"/>
          <line num="153" count="1" type="stmt"/>
          <line num="154" count="1" type="stmt"/>
          <line num="172" count="3" type="stmt"/>
          <line num="173" count="3" type="stmt"/>
        </file>
      </package>
      <package name="src.pdf-content">
        <metrics statements="5" coveredstatements="5" conditionals="0" coveredconditionals="0" methods="1" coveredmethods="1"/>
        <file name="text.js" path="/Users/jason/Development/docca/docca-pdf-writer2/src/pdf-content/text.js">
          <metrics statements="5" coveredstatements="5" conditionals="0" coveredconditionals="0" methods="1" coveredmethods="1"/>
          <line num="14" count="5" type="stmt"/>
          <line num="18" count="5" type="stmt"/>
          <line num="19" count="5" type="stmt"/>
          <line num="20" count="5" type="stmt"/>
          <line num="21" count="5" type="stmt"/>
        </file>
      </package>
      <package name="src.pdf-objects">
        <metrics statements="90" coveredstatements="90" conditionals="21" coveredconditionals="21" methods="23" coveredmethods="23"/>
        <file name="catalog.js" path="/Users/jason/Development/docca/docca-pdf-writer2/src/pdf-objects/catalog.js">
          <metrics statements="8" coveredstatements="8" conditionals="0" coveredconditionals="0" methods="1" coveredmethods="1"/>
          <line num="6" count="2" type="stmt"/>
          <line num="12" count="2" type="stmt"/>
          <line num="19" count="3" type="stmt"/>
          <line num="30" count="3" type="stmt"/>
          <line num="31" count="3" type="stmt"/>
          <line num="32" count="3" type="stmt"/>
          <line num="33" count="3" type="stmt"/>
          <line num="34" count="3" type="stmt"/>
        </file>
        <file name="content.js" path="/Users/jason/Development/docca/docca-pdf-writer2/src/pdf-objects/content.js">
          <metrics statements="7" coveredstatements="7" conditionals="2" coveredconditionals="2" methods="1" coveredmethods="1"/>
          <line num="5" count="2" type="stmt"/>
          <line num="11" count="2" type="stmt"/>
          <line num="27" count="4" type="stmt"/>
          <line num="28" count="1" type="stmt"/>
          <line num="30" count="3" type="stmt"/>
          <line num="41" count="5" type="stmt"/>
          <line num="42" count="5" type="stmt"/>
        </file>
        <file name="font.js" path="/Users/jason/Development/docca/docca-pdf-writer2/src/pdf-objects/font.js">
          <metrics statements="4" coveredstatements="4" conditionals="0" coveredconditionals="0" methods="1" coveredmethods="1"/>
          <line num="3" count="2" type="stmt"/>
          <line num="12" count="4" type="stmt"/>
          <line num="27" count="5" type="stmt"/>
          <line num="28" count="5" type="stmt"/>
        </file>
        <file name="page.js" path="/Users/jason/Development/docca/docca-pdf-writer2/src/pdf-objects/page.js">
          <metrics statements="21" coveredstatements="21" conditionals="6" coveredconditionals="6" methods="3" coveredmethods="3"/>
          <line num="7" count="2" type="stmt"/>
          <line num="20" count="2" type="stmt"/>
          <line num="31" count="4" type="stmt"/>
          <line num="32" count="2" type="stmt"/>
          <line num="34" count="4" type="stmt"/>
          <line num="42" count="3" type="stmt"/>
          <line num="46" count="8" type="stmt"/>
          <line num="47" count="3" type="stmt"/>
          <line num="52" count="8" type="stmt"/>
          <line num="53" count="3" type="stmt"/>
          <line num="59" count="7" type="stmt"/>
          <line num="60" count="7" type="stmt"/>
          <line num="61" count="7" type="stmt"/>
          <line num="62" count="7" type="stmt"/>
          <line num="64" count="7" type="stmt"/>
          <line num="65" count="7" type="stmt"/>
          <line num="66" count="7" type="stmt"/>
          <line num="67" count="7" type="stmt"/>
          <line num="69" count="7" type="stmt"/>
          <line num="70" count="7" type="stmt"/>
          <line num="72" count="7" type="stmt"/>
        </file>
        <file name="pages.js" path="/Users/jason/Development/docca/docca-pdf-writer2/src/pdf-objects/pages.js">
          <metrics statements="10" coveredstatements="10" conditionals="2" coveredconditionals="2" methods="2" coveredmethods="2"/>
          <line num="7" count="2" type="stmt"/>
          <line num="13" count="2" type="stmt"/>
          <line num="21" count="5" type="stmt"/>
          <line num="22" count="3" type="stmt"/>
          <line num="24" count="5" type="stmt"/>
          <line num="35" count="6" type="stmt"/>
          <line num="36" count="6" type="stmt"/>
          <line num="37" count="6" type="stmt"/>
          <line num="39" count="6" type="stmt"/>
          <line num="41" count="6" type="stmt"/>
        </file>
        <file name="resources.js" path="/Users/jason/Development/docca/docca-pdf-writer2/src/pdf-objects/resources.js">
          <metrics statements="9" coveredstatements="9" conditionals="2" coveredconditionals="2" methods="2" coveredmethods="2"/>
          <line num="8" count="2" type="stmt"/>
          <line num="14" count="4" type="stmt"/>
          <line num="21" count="5" type="stmt"/>
          <line num="22" count="5" type="stmt"/>
          <line num="36" count="5" type="stmt"/>
          <line num="37" count="5" type="stmt"/>
          <line num="38" count="5" type="stmt"/>
          <line num="39" count="5" type="stmt"/>
          <line num="40" count="5" type="stmt"/>
        </file>
        <file name="trailer.js" path="/Users/jason/Development/docca/docca-pdf-writer2/src/pdf-objects/trailer.js">
          <metrics statements="7" coveredstatements="7" conditionals="0" coveredconditionals="0" methods="1" coveredmethods="1"/>
          <line num="4" count="2" type="stmt"/>
          <line num="10" count="2" type="stmt"/>
          <line num="18" count="3" type="stmt"/>
          <line num="31" count="3" type="stmt"/>
          <line num="32" count="3" type="stmt"/>
          <line num="33" count="3" type="stmt"/>
          <line num="34" count="3" type="stmt"/>
        </file>
        <file name="utils.js" path="/Users/jason/Development/docca/docca-pdf-writer2/src/pdf-objects/utils.js">
          <metrics statements="24" coveredstatements="24" conditionals="9" coveredconditionals="9" methods="12" coveredmethods="12"/>
          <line num="3" count="33" type="stmt"/>
          <line num="7" count="11" type="stmt"/>
          <line num="18" count="18" type="stmt"/>
          <line num="19" count="80" type="stmt"/>
          <line num="20" count="42" type="stmt"/>
          <line num="22" count="80" type="stmt"/>
          <line num="33" count="17" type="stmt"/>
          <line num="45" count="15" type="stmt"/>
          <line num="46" count="15" type="stmt"/>
          <line num="47" count="15" type="stmt"/>
          <line num="51" count="15" type="stmt"/>
          <line num="63" count="10" type="stmt"/>
          <line num="67" count="10" type="stmt"/>
          <line num="76" count="8" type="stmt"/>
          <line num="80" count="1" type="stmt"/>
          <line num="81" count="1" type="stmt"/>
          <line num="82" count="1" type="stmt"/>
          <line num="91" count="1" type="stmt"/>
          <line num="95" count="1" type="stmt"/>
          <line num="100" count="1" type="stmt"/>
          <line num="101" count="6" type="stmt"/>
          <line num="102" count="6" type="stmt"/>
          <line num="104" count="1" type="stmt"/>
          <line num="105" count="1" type="stmt"/>
        </file>
      </package>
    </metrics>
  </project>
</coverage>
