{"/Users/jason/Development/docca/docca-pdf-writer2/src/index.js": {"path":"/Users/jason/Development/docca/docca-pdf-writer2/src/index.js","statementMap":{},"fnMap":{},"branchMap":{},"s":{},"f":{},"b":{},"_coverageSchema":"332fd63041d2c1bcb487cc26dd0d5f7d97098a6c","hash":"170422395897fe789d4ea85f0b44e4c042a8d00c"}
,"/Users/jason/Development/docca/docca-pdf-writer2/src/writer.js": {"path":"/Users/jason/Development/docca/docca-pdf-writer2/src/writer.js","statementMap":{"0":{"start":{"line":19,"column":15},"end":{"line":157,"column":1}},"1":{"start":{"line":25,"column":4},"end":{"line":31,"column":7}},"2":{"start":{"line":32,"column":4},"end":{"line":32,"column":34}},"3":{"start":{"line":33,"column":4},"end":{"line":33,"column":29}},"4":{"start":{"line":37,"column":17},"end":{"line":37,"column":57}},"5":{"start":{"line":38,"column":4},"end":{"line":39,"column":22}},"6":{"start":{"line":39,"column":16},"end":{"line":39,"column":20}},"7":{"start":{"line":43,"column":22},"end":{"line":43,"column":67}},"8":{"start":{"line":44,"column":4},"end":{"line":45,"column":27}},"9":{"start":{"line":45,"column":16},"end":{"line":45,"column":25}},"10":{"start":{"line":49,"column":4},"end":{"line":49,"column":65}},"11":{"start":{"line":50,"column":4},"end":{"line":50,"column":39}},"12":{"start":{"line":51,"column":4},"end":{"line":51,"column":29}},"13":{"start":{"line":65,"column":4},"end":{"line":65,"column":31}},"14":{"start":{"line":76,"column":4},"end":{"line":76,"column":49}},"15":{"start":{"line":77,"column":4},"end":{"line":77,"column":28}},"16":{"start":{"line":86,"column":19},"end":{"line":86,"column":52}},"17":{"start":{"line":87,"column":4},"end":{"line":87,"column":37}},"18":{"start":{"line":88,"column":4},"end":{"line":92,"column":7}},"19":{"start":{"line":89,"column":6},"end":{"line":91,"column":9}},"20":{"start":{"line":90,"column":8},"end":{"line":90,"column":18}},"21":{"start":{"line":100,"column":4},"end":{"line":103,"column":7}},"22":{"start":{"line":105,"column":4},"end":{"line":105,"column":49}},"23":{"start":{"line":106,"column":4},"end":{"line":106,"column":32}},"24":{"start":{"line":107,"column":4},"end":{"line":107,"column":24}},"25":{"start":{"line":109,"column":4},"end":{"line":126,"column":7}},"26":{"start":{"line":111,"column":6},"end":{"line":115,"column":9}},"27":{"start":{"line":118,"column":6},"end":{"line":118,"column":30}},"28":{"start":{"line":119,"column":6},"end":{"line":122,"column":9}},"29":{"start":{"line":125,"column":6},"end":{"line":125,"column":40}},"30":{"start":{"line":134,"column":20},"end":{"line":134,"column":72}},"31":{"start":{"line":135,"column":4},"end":{"line":155,"column":7}},"32":{"start":{"line":136,"column":16},"end":{"line":136,"column":70}},"33":{"start":{"line":137,"column":16},"end":{"line":137,"column":76}},"34":{"start":{"line":138,"column":16},"end":{"line":138,"column":66}},"35":{"start":{"line":140,"column":22},"end":{"line":144,"column":8}},"36":{"start":{"line":145,"column":21},"end":{"line":145,"column":36}},"37":{"start":{"line":148,"column":29},"end":{"line":148,"column":99}},"38":{"start":{"line":148,"column":78},"end":{"line":148,"column":98}},"39":{"start":{"line":149,"column":22},"end":{"line":151,"column":7}},"40":{"start":{"line":150,"column":45},"end":{"line":150,"column":52}},"41":{"start":{"line":150,"column":61},"end":{"line":150,"column":79}},"42":{"start":{"line":153,"column":6},"end":{"line":154,"column":61}},"43":{"start":{"line":154,"column":18},"end":{"line":154,"column":59}},"44":{"start":{"line":172,"column":18},"end":{"line":172,"column":61}},"45":{"start":{"line":173,"column":2},"end":{"line":173,"column":50}},"46":{"start":{"line":173,"column":41},"end":{"line":173,"column":48}}},"fnMap":{"0":{"name":"(anonymous_0)","decl":{"start":{"line":39,"column":10},"end":{"line":39,"column":11}},"loc":{"start":{"line":39,"column":16},"end":{"line":39,"column":20}}},"1":{"name":"(anonymous_1)","decl":{"start":{"line":45,"column":10},"end":{"line":45,"column":11}},"loc":{"start":{"line":45,"column":16},"end":{"line":45,"column":25}}},"2":{"name":"(anonymous_2)","decl":{"start":{"line":88,"column":23},"end":{"line":88,"column":24}},"loc":{"start":{"line":88,"column":44},"end":{"line":92,"column":5}}},"3":{"name":"(anonymous_3)","decl":{"start":{"line":89,"column":35},"end":{"line":89,"column":36}},"loc":{"start":{"line":89,"column":41},"end":{"line":91,"column":7}}},"4":{"name":"(anonymous_4)","decl":{"start":{"line":110,"column":10},"end":{"line":110,"column":11}},"loc":{"start":{"line":110,"column":16},"end":{"line":116,"column":5}}},"5":{"name":"(anonymous_5)","decl":{"start":{"line":117,"column":10},"end":{"line":117,"column":11}},"loc":{"start":{"line":117,"column":18},"end":{"line":123,"column":5}}},"6":{"name":"(anonymous_6)","decl":{"start":{"line":124,"column":10},"end":{"line":124,"column":11}},"loc":{"start":{"line":124,"column":23},"end":{"line":126,"column":5}}},"7":{"name":"(anonymous_7)","decl":{"start":{"line":136,"column":10},"end":{"line":136,"column":11}},"loc":{"start":{"line":136,"column":16},"end":{"line":136,"column":70}}},"8":{"name":"(anonymous_8)","decl":{"start":{"line":137,"column":10},"end":{"line":137,"column":11}},"loc":{"start":{"line":137,"column":16},"end":{"line":137,"column":76}}},"9":{"name":"(anonymous_9)","decl":{"start":{"line":138,"column":10},"end":{"line":138,"column":11}},"loc":{"start":{"line":138,"column":16},"end":{"line":138,"column":66}}},"10":{"name":"(anonymous_10)","decl":{"start":{"line":139,"column":10},"end":{"line":139,"column":11}},"loc":{"start":{"line":139,"column":16},"end":{"line":155,"column":5}}},"11":{"name":"(anonymous_11)","decl":{"start":{"line":148,"column":62},"end":{"line":148,"column":63}},"loc":{"start":{"line":148,"column":78},"end":{"line":148,"column":98}}},"12":{"name":"(anonymous_12)","decl":{"start":{"line":150,"column":35},"end":{"line":150,"column":36}},"loc":{"start":{"line":150,"column":45},"end":{"line":150,"column":52}}},"13":{"name":"(anonymous_13)","decl":{"start":{"line":150,"column":55},"end":{"line":150,"column":56}},"loc":{"start":{"line":150,"column":61},"end":{"line":150,"column":79}}},"14":{"name":"(anonymous_14)","decl":{"start":{"line":154,"column":12},"end":{"line":154,"column":13}},"loc":{"start":{"line":154,"column":18},"end":{"line":154,"column":59}}},"15":{"name":"Writer","decl":{"start":{"line":171,"column":24},"end":{"line":171,"column":30}},"loc":{"start":{"line":171,"column":39},"end":{"line":174,"column":1}}},"16":{"name":"(anonymous_16)","decl":{"start":{"line":173,"column":35},"end":{"line":173,"column":36}},"loc":{"start":{"line":173,"column":41},"end":{"line":173,"column":48}}}},"branchMap":{},"s":{"0":1,"1":1,"2":1,"3":1,"4":3,"5":3,"6":3,"7":3,"8":3,"9":3,"10":1,"11":1,"12":1,"13":1,"14":10,"15":10,"16":15,"17":15,"18":15,"19":15,"20":15,"21":3,"22":3,"23":3,"24":3,"25":3,"26":3,"27":3,"28":3,"29":3,"30":1,"31":1,"32":1,"33":1,"34":1,"35":1,"36":1,"37":1,"38":6,"39":1,"40":5,"41":6,"42":1,"43":1,"44":3,"45":3,"46":3},"f":{"0":3,"1":3,"2":15,"3":15,"4":3,"5":3,"6":3,"7":1,"8":1,"9":1,"10":1,"11":6,"12":5,"13":6,"14":1,"15":3,"16":3},"b":{},"_coverageSchema":"332fd63041d2c1bcb487cc26dd0d5f7d97098a6c","hash":"8a283af5bfe61b7cf1e4b6a9e5f40aa5fe7a7c24"}
,"/Users/jason/Development/docca/docca-pdf-writer2/src/pdf-content/text.js": {"path":"/Users/jason/Development/docca/docca-pdf-writer2/src/pdf-content/text.js","statementMap":{"0":{"start":{"line":14,"column":15},"end":{"line":17,"column":3}},"1":{"start":{"line":18,"column":2},"end":{"line":18,"column":47}},"2":{"start":{"line":19,"column":2},"end":{"line":19,"column":35}},"3":{"start":{"line":20,"column":2},"end":{"line":20,"column":25}},"4":{"start":{"line":21,"column":2},"end":{"line":21,"column":27}}},"fnMap":{"0":{"name":"textToString","decl":{"start":{"line":13,"column":16},"end":{"line":13,"column":28}},"loc":{"start":{"line":13,"column":36},"end":{"line":22,"column":1}}}},"branchMap":{},"s":{"0":5,"1":5,"2":5,"3":5,"4":5},"f":{"0":5},"b":{},"_coverageSchema":"332fd63041d2c1bcb487cc26dd0d5f7d97098a6c","hash":"e2a859fec0c3563157f507cd0ea69820e3804481"}
,"/Users/jason/Development/docca/docca-pdf-writer2/src/pdf-objects/catalog.js": {"path":"/Users/jason/Development/docca/docca-pdf-writer2/src/pdf-objects/catalog.js","statementMap":{"0":{"start":{"line":6,"column":16},"end":{"line":22,"column":1}},"1":{"start":{"line":12,"column":4},"end":{"line":15,"column":6}},"2":{"start":{"line":19,"column":4},"end":{"line":19,"column":26}},"3":{"start":{"line":30,"column":2},"end":{"line":30,"column":37}},"4":{"start":{"line":31,"column":20},"end":{"line":31,"column":41}},"5":{"start":{"line":32,"column":19},"end":{"line":32,"column":67}},"6":{"start":{"line":33,"column":2},"end":{"line":33,"column":33}},"7":{"start":{"line":34,"column":2},"end":{"line":34,"column":18}}},"fnMap":{"0":{"name":"Catalog","decl":{"start":{"line":29,"column":24},"end":{"line":29,"column":31}},"loc":{"start":{"line":29,"column":40},"end":{"line":35,"column":1}}}},"branchMap":{},"s":{"0":2,"1":2,"2":3,"3":3,"4":3,"5":3,"6":3,"7":3},"f":{"0":3},"b":{},"_coverageSchema":"332fd63041d2c1bcb487cc26dd0d5f7d97098a6c","hash":"3c20244f6ad3dc4b576949e73eaf560d55d0d34c"}
,"/Users/jason/Development/docca/docca-pdf-writer2/src/pdf-objects/content.js": {"path":"/Users/jason/Development/docca/docca-pdf-writer2/src/pdf-objects/content.js","statementMap":{"0":{"start":{"line":5,"column":16},"end":{"line":33,"column":1}},"1":{"start":{"line":11,"column":4},"end":{"line":13,"column":6}},"2":{"start":{"line":27,"column":4},"end":{"line":31,"column":5}},"3":{"start":{"line":28,"column":6},"end":{"line":28,"column":38}},"4":{"start":{"line":30,"column":6},"end":{"line":30,"column":37}},"5":{"start":{"line":41,"column":2},"end":{"line":41,"column":37}},"6":{"start":{"line":42,"column":2},"end":{"line":42,"column":54}}},"fnMap":{"0":{"name":"Content","decl":{"start":{"line":40,"column":24},"end":{"line":40,"column":31}},"loc":{"start":{"line":40,"column":40},"end":{"line":43,"column":1}}}},"branchMap":{"0":{"loc":{"start":{"line":27,"column":4},"end":{"line":31,"column":5}},"type":"if","locations":[{"start":{"line":27,"column":4},"end":{"line":31,"column":5}},{"start":{"line":27,"column":4},"end":{"line":31,"column":5}}]}},"s":{"0":2,"1":2,"2":4,"3":1,"4":3,"5":5,"6":5},"f":{"0":5},"b":{"0":[1,3]},"_coverageSchema":"332fd63041d2c1bcb487cc26dd0d5f7d97098a6c","hash":"43f533d555d8926eee940b45fe79879072a720e2"}
,"/Users/jason/Development/docca/docca-pdf-writer2/src/pdf-objects/font.js": {"path":"/Users/jason/Development/docca/docca-pdf-writer2/src/pdf-objects/font.js","statementMap":{"0":{"start":{"line":3,"column":13},"end":{"line":19,"column":1}},"1":{"start":{"line":12,"column":4},"end":{"line":17,"column":6}},"2":{"start":{"line":27,"column":2},"end":{"line":27,"column":37}},"3":{"start":{"line":28,"column":2},"end":{"line":28,"column":51}}},"fnMap":{"0":{"name":"Font","decl":{"start":{"line":26,"column":24},"end":{"line":26,"column":28}},"loc":{"start":{"line":26,"column":37},"end":{"line":29,"column":1}}}},"branchMap":{},"s":{"0":2,"1":4,"2":5,"3":5},"f":{"0":5},"b":{},"_coverageSchema":"332fd63041d2c1bcb487cc26dd0d5f7d97098a6c","hash":"5a60cca402f3e18c562171f7abc58a4e1e6abea4"}
,"/Users/jason/Development/docca/docca-pdf-writer2/src/pdf-objects/page.js": {"path":"/Users/jason/Development/docca/docca-pdf-writer2/src/pdf-objects/page.js","statementMap":{"0":{"start":{"line":7,"column":13},"end":{"line":56,"column":1}},"1":{"start":{"line":20,"column":4},"end":{"line":27,"column":6}},"2":{"start":{"line":31,"column":4},"end":{"line":33,"column":5}},"3":{"start":{"line":32,"column":6},"end":{"line":32,"column":23}},"4":{"start":{"line":34,"column":4},"end":{"line":34,"column":31}},"5":{"start":{"line":42,"column":4},"end":{"line":42,"column":33}},"6":{"start":{"line":46,"column":4},"end":{"line":48,"column":5}},"7":{"start":{"line":47,"column":6},"end":{"line":47,"column":32}},"8":{"start":{"line":52,"column":4},"end":{"line":54,"column":5}},"9":{"start":{"line":53,"column":6},"end":{"line":53,"column":26}},"10":{"start":{"line":59,"column":2},"end":{"line":59,"column":37}},"11":{"start":{"line":60,"column":2},"end":{"line":60,"column":45}},"12":{"start":{"line":61,"column":20},"end":{"line":61,"column":77}},"13":{"start":{"line":62,"column":16},"end":{"line":62,"column":61}},"14":{"start":{"line":64,"column":2},"end":{"line":64,"column":22}},"15":{"start":{"line":65,"column":2},"end":{"line":65,"column":35}},"16":{"start":{"line":66,"column":2},"end":{"line":66,"column":38}},"17":{"start":{"line":67,"column":2},"end":{"line":67,"column":36}},"18":{"start":{"line":69,"column":2},"end":{"line":69,"column":60}},"19":{"start":{"line":69,"column":34},"end":{"line":69,"column":58}},"20":{"start":{"line":70,"column":2},"end":{"line":70,"column":67}},"21":{"start":{"line":70,"column":40},"end":{"line":70,"column":65}},"22":{"start":{"line":72,"column":2},"end":{"line":72,"column":15}}},"fnMap":{"0":{"name":"Page","decl":{"start":{"line":58,"column":24},"end":{"line":58,"column":28}},"loc":{"start":{"line":58,"column":37},"end":{"line":73,"column":1}}},"1":{"name":"(anonymous_1)","decl":{"start":{"line":69,"column":25},"end":{"line":69,"column":26}},"loc":{"start":{"line":69,"column":34},"end":{"line":69,"column":58}}},"2":{"name":"(anonymous_2)","decl":{"start":{"line":70,"column":27},"end":{"line":70,"column":28}},"loc":{"start":{"line":70,"column":40},"end":{"line":70,"column":65}}}},"branchMap":{"0":{"loc":{"start":{"line":31,"column":4},"end":{"line":33,"column":5}},"type":"if","locations":[{"start":{"line":31,"column":4},"end":{"line":33,"column":5}},{"start":{"line":31,"column":4},"end":{"line":33,"column":5}}]},"1":{"loc":{"start":{"line":46,"column":4},"end":{"line":48,"column":5}},"type":"if","locations":[{"start":{"line":46,"column":4},"end":{"line":48,"column":5}},{"start":{"line":46,"column":4},"end":{"line":48,"column":5}}]},"2":{"loc":{"start":{"line":52,"column":4},"end":{"line":54,"column":5}},"type":"if","locations":[{"start":{"line":52,"column":4},"end":{"line":54,"column":5}},{"start":{"line":52,"column":4},"end":{"line":54,"column":5}}]}},"s":{"0":2,"1":2,"2":4,"3":2,"4":4,"5":3,"6":8,"7":3,"8":8,"9":3,"10":7,"11":7,"12":7,"13":7,"14":7,"15":7,"16":7,"17":7,"18":7,"19":2,"20":7,"21":1,"22":7},"f":{"0":7,"1":2,"2":1},"b":{"0":[2,2],"1":[3,5],"2":[3,5]},"_coverageSchema":"332fd63041d2c1bcb487cc26dd0d5f7d97098a6c","hash":"0080b341794879d0546436dbf0ced45fdbebeeb7"}
,"/Users/jason/Development/docca/docca-pdf-writer2/src/pdf-objects/pages.js": {"path":"/Users/jason/Development/docca/docca-pdf-writer2/src/pdf-objects/pages.js","statementMap":{"0":{"start":{"line":7,"column":14},"end":{"line":26,"column":1}},"1":{"start":{"line":13,"column":4},"end":{"line":17,"column":6}},"2":{"start":{"line":21,"column":4},"end":{"line":23,"column":5}},"3":{"start":{"line":22,"column":6},"end":{"line":22,"column":21}},"4":{"start":{"line":24,"column":4},"end":{"line":24,"column":29}},"5":{"start":{"line":35,"column":2},"end":{"line":35,"column":37}},"6":{"start":{"line":36,"column":20},"end":{"line":36,"column":49}},"7":{"start":{"line":37,"column":17},"end":{"line":37,"column":63}},"8":{"start":{"line":39,"column":2},"end":{"line":39,"column":53}},"9":{"start":{"line":39,"column":32},"end":{"line":39,"column":51}},"10":{"start":{"line":41,"column":2},"end":{"line":41,"column":16}}},"fnMap":{"0":{"name":"Pages","decl":{"start":{"line":34,"column":24},"end":{"line":34,"column":29}},"loc":{"start":{"line":34,"column":38},"end":{"line":42,"column":1}}},"1":{"name":"(anonymous_1)","decl":{"start":{"line":39,"column":23},"end":{"line":39,"column":24}},"loc":{"start":{"line":39,"column":32},"end":{"line":39,"column":51}}}},"branchMap":{"0":{"loc":{"start":{"line":21,"column":4},"end":{"line":23,"column":5}},"type":"if","locations":[{"start":{"line":21,"column":4},"end":{"line":23,"column":5}},{"start":{"line":21,"column":4},"end":{"line":23,"column":5}}]}},"s":{"0":2,"1":2,"2":5,"3":3,"4":5,"5":6,"6":6,"7":6,"8":6,"9":2,"10":6},"f":{"0":6,"1":2},"b":{"0":[3,2]},"_coverageSchema":"332fd63041d2c1bcb487cc26dd0d5f7d97098a6c","hash":"dcfa5d4d611c8682337ba3ef9c1541be0d1e4142"}
,"/Users/jason/Development/docca/docca-pdf-writer2/src/pdf-objects/resources.js": {"path":"/Users/jason/Development/docca/docca-pdf-writer2/src/pdf-objects/resources.js","statementMap":{"0":{"start":{"line":8,"column":18},"end":{"line":24,"column":1}},"1":{"start":{"line":14,"column":4},"end":{"line":17,"column":6}},"2":{"start":{"line":21,"column":19},"end":{"line":21,"column":53}},"3":{"start":{"line":21,"column":43},"end":{"line":21,"column":52}},"4":{"start":{"line":22,"column":4},"end":{"line":22,"column":46}},"5":{"start":{"line":36,"column":2},"end":{"line":36,"column":37}},"6":{"start":{"line":37,"column":20},"end":{"line":37,"column":40}},"7":{"start":{"line":38,"column":21},"end":{"line":38,"column":71}},"8":{"start":{"line":39,"column":2},"end":{"line":39,"column":34}},"9":{"start":{"line":40,"column":2},"end":{"line":40,"column":20}}},"fnMap":{"0":{"name":"(anonymous_0)","decl":{"start":{"line":21,"column":35},"end":{"line":21,"column":36}},"loc":{"start":{"line":21,"column":43},"end":{"line":21,"column":52}}},"1":{"name":"Resources","decl":{"start":{"line":35,"column":24},"end":{"line":35,"column":33}},"loc":{"start":{"line":35,"column":42},"end":{"line":41,"column":1}}}},"branchMap":{"0":{"loc":{"start":{"line":16,"column":12},"end":{"line":16,"column":51}},"type":"binary-expr","locations":[{"start":{"line":16,"column":12},"end":{"line":16,"column":21}},{"start":{"line":16,"column":25},"end":{"line":16,"column":51}}]}},"s":{"0":2,"1":4,"2":5,"3":5,"4":5,"5":5,"6":5,"7":5,"8":5,"9":5},"f":{"0":5,"1":5},"b":{"0":[4,4]},"_coverageSchema":"332fd63041d2c1bcb487cc26dd0d5f7d97098a6c","hash":"05cecf26988768b23a5b2a66dde802a991984758"}
,"/Users/jason/Development/docca/docca-pdf-writer2/src/pdf-objects/trailer.js": {"path":"/Users/jason/Development/docca/docca-pdf-writer2/src/pdf-objects/trailer.js","statementMap":{"0":{"start":{"line":4,"column":16},"end":{"line":20,"column":1}},"1":{"start":{"line":10,"column":4},"end":{"line":14,"column":6}},"2":{"start":{"line":18,"column":4},"end":{"line":18,"column":25}},"3":{"start":{"line":31,"column":20},"end":{"line":31,"column":40}},"4":{"start":{"line":32,"column":19},"end":{"line":32,"column":67}},"5":{"start":{"line":33,"column":2},"end":{"line":33,"column":31}},"6":{"start":{"line":34,"column":2},"end":{"line":34,"column":18}}},"fnMap":{"0":{"name":"Trailer","decl":{"start":{"line":30,"column":24},"end":{"line":30,"column":31}},"loc":{"start":{"line":30,"column":40},"end":{"line":35,"column":1}}}},"branchMap":{},"s":{"0":2,"1":2,"2":3,"3":3,"4":3,"5":3,"6":3},"f":{"0":3},"b":{},"_coverageSchema":"332fd63041d2c1bcb487cc26dd0d5f7d97098a6c","hash":"b981281c29656b39077bba1ae1ec3ff8ea2246f6"}
,"/Users/jason/Development/docca/docca-pdf-writer2/src/pdf-objects/utils.js": {"path":"/Users/jason/Development/docca/docca-pdf-writer2/src/pdf-objects/utils.js","statementMap":{"0":{"start":{"line":3,"column":2},"end":{"line":3,"column":25}},"1":{"start":{"line":7,"column":2},"end":{"line":7,"column":27}},"2":{"start":{"line":18,"column":2},"end":{"line":22,"column":24}},"3":{"start":{"line":19,"column":4},"end":{"line":21,"column":5}},"4":{"start":{"line":20,"column":6},"end":{"line":20,"column":37}},"5":{"start":{"line":22,"column":19},"end":{"line":22,"column":22}},"6":{"start":{"line":33,"column":2},"end":{"line":33,"column":57}},"7":{"start":{"line":45,"column":15},"end":{"line":45,"column":55}},"8":{"start":{"line":46,"column":21},"end":{"line":46,"column":80}},"9":{"start":{"line":47,"column":16},"end":{"line":50,"column":3}},"10":{"start":{"line":51,"column":2},"end":{"line":51,"column":26}},"11":{"start":{"line":63,"column":16},"end":{"line":66,"column":3}},"12":{"start":{"line":67,"column":2},"end":{"line":67,"column":26}},"13":{"start":{"line":76,"column":2},"end":{"line":76,"column":60}},"14":{"start":{"line":80,"column":15},"end":{"line":80,"column":29}},"15":{"start":{"line":81,"column":21},"end":{"line":81,"column":44}},"16":{"start":{"line":82,"column":16},"end":{"line":90,"column":3}},"17":{"start":{"line":91,"column":2},"end":{"line":91,"column":26}},"18":{"start":{"line":95,"column":16},"end":{"line":99,"column":3}},"19":{"start":{"line":100,"column":2},"end":{"line":103,"column":5}},"20":{"start":{"line":101,"column":22},"end":{"line":101,"column":54}},"21":{"start":{"line":102,"column":4},"end":{"line":102,"column":40}},"22":{"start":{"line":104,"column":2},"end":{"line":104,"column":39}},"23":{"start":{"line":105,"column":2},"end":{"line":105,"column":26}}},"fnMap":{"0":{"name":"ref","decl":{"start":{"line":2,"column":16},"end":{"line":2,"column":19}},"loc":{"start":{"line":2,"column":26},"end":{"line":4,"column":1}}},"1":{"name":"head","decl":{"start":{"line":6,"column":16},"end":{"line":6,"column":20}},"loc":{"start":{"line":6,"column":27},"end":{"line":8,"column":1}}},"2":{"name":"props2Array","decl":{"start":{"line":17,"column":16},"end":{"line":17,"column":27}},"loc":{"start":{"line":17,"column":42},"end":{"line":23,"column":1}}},"3":{"name":"(anonymous_3)","decl":{"start":{"line":18,"column":18},"end":{"line":18,"column":19}},"loc":{"start":{"line":18,"column":25},"end":{"line":22,"column":3}}},"4":{"name":"(anonymous_4)","decl":{"start":{"line":22,"column":12},"end":{"line":22,"column":13}},"loc":{"start":{"line":22,"column":19},"end":{"line":22,"column":22}}},"5":{"name":"asPdfDictionaryLines","decl":{"start":{"line":32,"column":16},"end":{"line":32,"column":36}},"loc":{"start":{"line":32,"column":56},"end":{"line":34,"column":1}}},"6":{"name":"asPdfDictionary","decl":{"start":{"line":44,"column":16},"end":{"line":44,"column":31}},"loc":{"start":{"line":44,"column":44},"end":{"line":52,"column":1}}},"7":{"name":"asPdfObject","decl":{"start":{"line":62,"column":16},"end":{"line":62,"column":27}},"loc":{"start":{"line":62,"column":40},"end":{"line":68,"column":1}}},"8":{"name":"arrayToString","decl":{"start":{"line":75,"column":16},"end":{"line":75,"column":29}},"loc":{"start":{"line":75,"column":39},"end":{"line":77,"column":1}}},"9":{"name":"asPdfStream","decl":{"start":{"line":79,"column":16},"end":{"line":79,"column":27}},"loc":{"start":{"line":79,"column":40},"end":{"line":92,"column":1}}},"10":{"name":"xref","decl":{"start":{"line":94,"column":16},"end":{"line":94,"column":20}},"loc":{"start":{"line":94,"column":43},"end":{"line":106,"column":1}}},"11":{"name":"(anonymous_11)","decl":{"start":{"line":100,"column":18},"end":{"line":100,"column":19}},"loc":{"start":{"line":100,"column":28},"end":{"line":103,"column":3}}}},"branchMap":{"0":{"loc":{"start":{"line":19,"column":4},"end":{"line":21,"column":5}},"type":"if","locations":[{"start":{"line":19,"column":4},"end":{"line":21,"column":5}},{"start":{"line":19,"column":4},"end":{"line":21,"column":5}}]},"1":{"loc":{"start":{"line":45,"column":15},"end":{"line":45,"column":55}},"type":"binary-expr","locations":[{"start":{"line":45,"column":15},"end":{"line":45,"column":29}},{"start":{"line":45,"column":33},"end":{"line":45,"column":55}}]},"2":{"loc":{"start":{"line":46,"column":21},"end":{"line":46,"column":80}},"type":"cond-expr","locations":[{"start":{"line":46,"column":45},"end":{"line":46,"column":68}},{"start":{"line":46,"column":71},"end":{"line":46,"column":80}}]},"3":{"loc":{"start":{"line":76,"column":9},"end":{"line":76,"column":59}},"type":"binary-expr","locations":[{"start":{"line":76,"column":9},"end":{"line":76,"column":15}},{"start":{"line":76,"column":19},"end":{"line":76,"column":32}},{"start":{"line":76,"column":36},"end":{"line":76,"column":59}}]}},"s":{"0":33,"1":11,"2":18,"3":80,"4":42,"5":80,"6":17,"7":15,"8":15,"9":15,"10":15,"11":10,"12":10,"13":8,"14":1,"15":1,"16":1,"17":1,"18":1,"19":1,"20":6,"21":6,"22":1,"23":1},"f":{"0":33,"1":11,"2":18,"3":80,"4":80,"5":17,"6":15,"7":10,"8":8,"9":1,"10":1,"11":6},"b":{"0":[42,38],"1":[15,4],"2":[11,4],"3":[8,7,7]},"_coverageSchema":"332fd63041d2c1bcb487cc26dd0d5f7d97098a6c","hash":"ba815c0ca1283609f43d46cf9bbe2e6cdac3a0d1"}
}
