TN:
SF:/Users/jason/Development/docca/docca-pdf-writer2/src/index.js
FNF:0
FNH:0
LF:0
LH:0
BRF:0
BRH:0
end_of_record
TN:
SF:/Users/jason/Development/docca/docca-pdf-writer2/src/writer.js
FN:39,(anonymous_0)
FN:45,(anonymous_1)
FN:88,(anonymous_2)
FN:89,(anonymous_3)
FN:110,(anonymous_4)
FN:117,(anonymous_5)
FN:124,(anonymous_6)
FN:136,(anonymous_7)
FN:137,(anonymous_8)
FN:138,(anonymous_9)
FN:139,(anonymous_10)
FN:148,(anonymous_11)
FN:150,(anonymous_12)
FN:150,(anonymous_13)
FN:154,(anonymous_14)
FN:171,Writer
FN:173,(anonymous_16)
FNF:17
FNH:17
FNDA:3,(anonymous_0)
FNDA:3,(anonymous_1)
FNDA:15,(anonymous_2)
FNDA:15,(anonymous_3)
FNDA:3,(anonymous_4)
FNDA:3,(anonymous_5)
FNDA:3,(anonymous_6)
FNDA:1,(anonymous_7)
FNDA:1,(anonymous_8)
FNDA:1,(anonymous_9)
FNDA:1,(anonymous_10)
FNDA:6,(anonymous_11)
FNDA:5,(anonymous_12)
FNDA:6,(anonymous_13)
FNDA:1,(anonymous_14)
FNDA:3,Writer
FNDA:3,(anonymous_16)
DA:19,1
DA:25,1
DA:32,1
DA:33,1
DA:37,3
DA:38,3
DA:39,3
DA:43,3
DA:44,3
DA:45,3
DA:49,1
DA:50,1
DA:51,1
DA:65,1
DA:76,10
DA:77,10
DA:86,15
DA:87,15
DA:88,15
DA:89,15
DA:90,15
DA:100,3
DA:105,3
DA:106,3
DA:107,3
DA:109,3
DA:111,3
DA:118,3
DA:119,3
DA:125,3
DA:134,1
DA:135,1
DA:136,1
DA:137,1
DA:138,1
DA:140,1
DA:145,1
DA:148,6
DA:149,1
DA:150,6
DA:153,1
DA:154,1
DA:172,3
DA:173,3
LF:44
LH:44
BRF:0
BRH:0
end_of_record
TN:
SF:/Users/jason/Development/docca/docca-pdf-writer2/src/pdf-content/text.js
FN:13,textToString
FNF:1
FNH:1
FNDA:5,textToString
DA:14,5
DA:18,5
DA:19,5
DA:20,5
DA:21,5
LF:5
LH:5
BRF:0
BRH:0
end_of_record
TN:
SF:/Users/jason/Development/docca/docca-pdf-writer2/src/pdf-objects/catalog.js
FN:29,Catalog
FNF:1
FNH:1
FNDA:3,Catalog
DA:6,2
DA:12,2
DA:19,3
DA:30,3
DA:31,3
DA:32,3
DA:33,3
DA:34,3
LF:8
LH:8
BRF:0
BRH:0
end_of_record
TN:
SF:/Users/jason/Development/docca/docca-pdf-writer2/src/pdf-objects/content.js
FN:40,Content
FNF:1
FNH:1
FNDA:5,Content
DA:5,2
DA:11,2
DA:27,4
DA:28,1
DA:30,3
DA:41,5
DA:42,5
LF:7
LH:7
BRDA:27,0,0,1
BRDA:27,0,1,3
BRF:2
BRH:2
end_of_record
TN:
SF:/Users/jason/Development/docca/docca-pdf-writer2/src/pdf-objects/font.js
FN:26,Font
FNF:1
FNH:1
FNDA:5,Font
DA:3,2
DA:12,4
DA:27,5
DA:28,5
LF:4
LH:4
BRF:0
BRH:0
end_of_record
TN:
SF:/Users/jason/Development/docca/docca-pdf-writer2/src/pdf-objects/page.js
FN:58,Page
FN:69,(anonymous_1)
FN:70,(anonymous_2)
FNF:3
FNH:3
FNDA:7,Page
FNDA:2,(anonymous_1)
FNDA:1,(anonymous_2)
DA:7,2
DA:20,2
DA:31,4
DA:32,2
DA:34,4
DA:42,3
DA:46,8
DA:47,3
DA:52,8
DA:53,3
DA:59,7
DA:60,7
DA:61,7
DA:62,7
DA:64,7
DA:65,7
DA:66,7
DA:67,7
DA:69,7
DA:70,7
DA:72,7
LF:21
LH:21
BRDA:31,0,0,2
BRDA:31,0,1,2
BRDA:46,1,0,3
BRDA:46,1,1,5
BRDA:52,2,0,3
BRDA:52,2,1,5
BRF:6
BRH:6
end_of_record
TN:
SF:/Users/jason/Development/docca/docca-pdf-writer2/src/pdf-objects/pages.js
FN:34,Pages
FN:39,(anonymous_1)
FNF:2
FNH:2
FNDA:6,Pages
FNDA:2,(anonymous_1)
DA:7,2
DA:13,2
DA:21,5
DA:22,3
DA:24,5
DA:35,6
DA:36,6
DA:37,6
DA:39,6
DA:41,6
LF:10
LH:10
BRDA:21,0,0,3
BRDA:21,0,1,2
BRF:2
BRH:2
end_of_record
TN:
SF:/Users/jason/Development/docca/docca-pdf-writer2/src/pdf-objects/resources.js
FN:21,(anonymous_0)
FN:35,Resources
FNF:2
FNH:2
FNDA:5,(anonymous_0)
FNDA:5,Resources
DA:8,2
DA:14,4
DA:21,5
DA:22,5
DA:36,5
DA:37,5
DA:38,5
DA:39,5
DA:40,5
LF:9
LH:9
BRDA:16,0,0,4
BRDA:16,0,1,4
BRF:2
BRH:2
end_of_record
TN:
SF:/Users/jason/Development/docca/docca-pdf-writer2/src/pdf-objects/trailer.js
FN:30,Trailer
FNF:1
FNH:1
FNDA:3,Trailer
DA:4,2
DA:10,2
DA:18,3
DA:31,3
DA:32,3
DA:33,3
DA:34,3
LF:7
LH:7
BRF:0
BRH:0
end_of_record
TN:
SF:/Users/jason/Development/docca/docca-pdf-writer2/src/pdf-objects/utils.js
FN:2,ref
FN:6,head
FN:17,props2Array
FN:18,(anonymous_3)
FN:22,(anonymous_4)
FN:32,asPdfDictionaryLines
FN:44,asPdfDictionary
FN:62,asPdfObject
FN:75,arrayToString
FN:79,asPdfStream
FN:94,xref
FN:100,(anonymous_11)
FNF:12
FNH:12
FNDA:33,ref
FNDA:11,head
FNDA:18,props2Array
FNDA:80,(anonymous_3)
FNDA:80,(anonymous_4)
FNDA:17,asPdfDictionaryLines
FNDA:15,asPdfDictionary
FNDA:10,asPdfObject
FNDA:8,arrayToString
FNDA:1,asPdfStream
FNDA:1,xref
FNDA:6,(anonymous_11)
DA:3,33
DA:7,11
DA:18,18
DA:19,80
DA:20,42
DA:22,80
DA:33,17
DA:45,15
DA:46,15
DA:47,15
DA:51,15
DA:63,10
DA:67,10
DA:76,8
DA:80,1
DA:81,1
DA:82,1
DA:91,1
DA:95,1
DA:100,1
DA:101,6
DA:102,6
DA:104,1
DA:105,1
LF:24
LH:24
BRDA:19,0,0,42
BRDA:19,0,1,38
BRDA:45,1,0,15
BRDA:45,1,1,4
BRDA:46,2,0,11
BRDA:46,2,1,4
BRDA:76,3,0,8
BRDA:76,3,1,7
BRDA:76,3,2,7
BRF:9
BRH:9
end_of_record
